c:\home\okno\zcpp\dev\visual-studio-c++\mazegame\mazegame\gameapp\debug\vc140.pdb
c:\home\okno\zcpp\dev\visual-studio-c++\mazegame\mazegame\gameapp\debug\vc140.idb
c:\home\okno\zcpp\dev\visual-studio-c++\mazegame\mazegame\gameapp\debug\main.obj
c:\home\okno\zcpp\dev\visual-studio-c++\mazegame\mazegame\gameapp\debug\game.obj
c:\home\okno\zcpp\dev\visual-studio-c++\mazegame\mazegame\gameapp\debug\tilemap.obj
c:\home\okno\zcpp\dev\visual-studio-c++\mazegame\mazegame\gameapp\debug\window.obj
c:\home\okno\zcpp\dev\visual-studio-c++\mazegame\mazegame\gameapp\debug\maze.obj
c:\home\okno\zcpp\dev\visual-studio-c++\mazegame\mazegame\gameapp\debug\tile.obj
c:\home\okno\zcpp\dev\visual-studio-c++\mazegame\mazegame\debug\gameapp.pdb
c:\home\okno\zcpp\dev\visual-studio-c++\mazegame\mazegame\gameapp\debug\gameapp.tlog\cl.command.1.tlog
c:\home\okno\zcpp\dev\visual-studio-c++\mazegame\mazegame\gameapp\debug\gameapp.tlog\cl.read.1.tlog
c:\home\okno\zcpp\dev\visual-studio-c++\mazegame\mazegame\gameapp\debug\gameapp.tlog\cl.write.1.tlog
c:\home\okno\zcpp\dev\visual-studio-c++\mazegame\mazegame\gameapp\debug\gameapp.tlog\link-cvtres.read.1.tlog
c:\home\okno\zcpp\dev\visual-studio-c++\mazegame\mazegame\gameapp\debug\gameapp.tlog\link-cvtres.write.1.tlog
c:\home\okno\zcpp\dev\visual-studio-c++\mazegame\mazegame\gameapp\debug\gameapp.tlog\link-rc.read.1.tlog
c:\home\okno\zcpp\dev\visual-studio-c++\mazegame\mazegame\gameapp\debug\gameapp.tlog\link-rc.write.1.tlog
c:\home\okno\zcpp\dev\visual-studio-c++\mazegame\mazegame\gameapp\debug\gameapp.tlog\link.2664-cvtres.read.1.tlog
c:\home\okno\zcpp\dev\visual-studio-c++\mazegame\mazegame\gameapp\debug\gameapp.tlog\link.2664-cvtres.write.1.tlog
c:\home\okno\zcpp\dev\visual-studio-c++\mazegame\mazegame\gameapp\debug\gameapp.tlog\link.2664-rc.read.1.tlog
c:\home\okno\zcpp\dev\visual-studio-c++\mazegame\mazegame\gameapp\debug\gameapp.tlog\link.2664-rc.write.1.tlog
c:\home\okno\zcpp\dev\visual-studio-c++\mazegame\mazegame\gameapp\debug\gameapp.tlog\link.2664.read.1.tlog
c:\home\okno\zcpp\dev\visual-studio-c++\mazegame\mazegame\gameapp\debug\gameapp.tlog\link.2664.write.1.tlog
c:\home\okno\zcpp\dev\visual-studio-c++\mazegame\mazegame\gameapp\debug\gameapp.tlog\link.command.1.tlog
c:\home\okno\zcpp\dev\visual-studio-c++\mazegame\mazegame\gameapp\debug\gameapp.tlog\link.read.1.tlog
c:\home\okno\zcpp\dev\visual-studio-c++\mazegame\mazegame\gameapp\debug\gameapp.tlog\link.write.1.tlog
