c:\home\okno\zcpp\dev\visual-studio-c++\mazegame\mazegame\gameapp\release\vc140.pdb
c:\home\okno\zcpp\dev\visual-studio-c++\mazegame\mazegame\gameapp\release\window.obj
c:\home\okno\zcpp\dev\visual-studio-c++\mazegame\mazegame\gameapp\release\wallfollower.obj
c:\home\okno\zcpp\dev\visual-studio-c++\mazegame\mazegame\gameapp\release\tile.obj
c:\home\okno\zcpp\dev\visual-studio-c++\mazegame\mazegame\gameapp\release\step.obj
c:\home\okno\zcpp\dev\visual-studio-c++\mazegame\mazegame\gameapp\release\mouse.obj
c:\home\okno\zcpp\dev\visual-studio-c++\mazegame\mazegame\gameapp\release\mazemap.obj
c:\home\okno\zcpp\dev\visual-studio-c++\mazegame\mazegame\gameapp\release\maze.obj
c:\home\okno\zcpp\dev\visual-studio-c++\mazegame\mazegame\gameapp\release\game.obj
c:\home\okno\zcpp\dev\visual-studio-c++\mazegame\mazegame\gameapp\release\main.obj
c:\home\okno\zcpp\dev\visual-studio-c++\mazegame\mazegame\gameapp\release\button.obj
c:\home\okno\zcpp\dev\visual-studio-c++\mazegame\mazegame\gameapp\release\bruteforce.obj
c:\home\okno\zcpp\dev\visual-studio-c++\mazegame\mazegame\release\gameapp.exe
c:\home\okno\zcpp\dev\visual-studio-c++\mazegame\mazegame\release\gameapp.ipdb
c:\home\okno\zcpp\dev\visual-studio-c++\mazegame\mazegame\release\gameapp.iobj
c:\home\okno\zcpp\dev\visual-studio-c++\mazegame\mazegame\release\gameapp.pdb
c:\home\okno\zcpp\dev\visual-studio-c++\mazegame\mazegame\gameapp\release\gameapp.tlog\cl.command.1.tlog
c:\home\okno\zcpp\dev\visual-studio-c++\mazegame\mazegame\gameapp\release\gameapp.tlog\cl.read.1.tlog
c:\home\okno\zcpp\dev\visual-studio-c++\mazegame\mazegame\gameapp\release\gameapp.tlog\cl.write.1.tlog
c:\home\okno\zcpp\dev\visual-studio-c++\mazegame\mazegame\gameapp\release\gameapp.tlog\link.command.1.tlog
c:\home\okno\zcpp\dev\visual-studio-c++\mazegame\mazegame\gameapp\release\gameapp.tlog\link.read.1.tlog
c:\home\okno\zcpp\dev\visual-studio-c++\mazegame\mazegame\gameapp\release\gameapp.tlog\link.write.1.tlog
